2018-04-15 01:11:12,954 ERROR[][pool-2-thread-2] download.Trim.lambda$0:562 - trim error Index@ProfessionId=36&QuestionStatus=-1&pageIndex=10
java.lang.NumberFormatException: For input string: "上一页"
	at java.lang.NumberFormatException.forInputString(NumberFormatException.java:65)
	at java.lang.Integer.parseInt(Integer.java:580)
	at java.lang.Integer.parseInt(Integer.java:615)
	at download.Trim.lambda$1(Trim.java:617)
	at download.Trim.lambda$2(Trim.java:627)
	at java.util.ArrayList.forEach(ArrayList.java:1249)
	at download.Trim.trim(Trim.java:625)
	at download.Trim.lambda$0(Trim.java:555)
	at java.util.concurrent.ThreadPoolExecutor.runWorker(ThreadPoolExecutor.java:1149)
	at java.util.concurrent.ThreadPoolExecutor$Worker.run(ThreadPoolExecutor.java:624)
	at java.lang.Thread.run(Thread.java:748)
2018-04-15 01:11:12,959 ERROR[][pool-2-thread-1] download.Trim.lambda$0:562 - trim error Index@ProfessionId=36&QuestionStatus=-1&pageIndex=1
java.lang.NumberFormatException: For input string: "下一页"
	at java.lang.NumberFormatException.forInputString(NumberFormatException.java:65)
	at java.lang.Integer.parseInt(Integer.java:580)
	at java.lang.Integer.parseInt(Integer.java:615)
	at download.Trim.lambda$1(Trim.java:617)
	at download.Trim.lambda$2(Trim.java:627)
	at java.util.ArrayList.forEach(ArrayList.java:1249)
	at download.Trim.trim(Trim.java:625)
	at download.Trim.lambda$0(Trim.java:555)
	at java.util.concurrent.ThreadPoolExecutor.runWorker(ThreadPoolExecutor.java:1149)
	at java.util.concurrent.ThreadPoolExecutor$Worker.run(ThreadPoolExecutor.java:624)
	at java.lang.Thread.run(Thread.java:748)
2018-04-15 01:11:12,960 ERROR[][pool-2-thread-4] download.Trim.lambda$0:562 - trim error Index@ProfessionId=36&QuestionStatus=-1&pageIndex=12
java.lang.NumberFormatException: For input string: "上一页"
	at java.lang.NumberFormatException.forInputString(NumberFormatException.java:65)
	at java.lang.Integer.parseInt(Integer.java:580)
	at java.lang.Integer.parseInt(Integer.java:615)
	at download.Trim.lambda$1(Trim.java:617)
	at download.Trim.lambda$2(Trim.java:627)
	at java.util.ArrayList.forEach(ArrayList.java:1249)
	at download.Trim.trim(Trim.java:625)
	at download.Trim.lambda$0(Trim.java:555)
	at java.util.concurrent.ThreadPoolExecutor.runWorker(ThreadPoolExecutor.java:1149)
	at java.util.concurrent.ThreadPoolExecutor$Worker.run(ThreadPoolExecutor.java:624)
	at java.lang.Thread.run(Thread.java:748)
2018-04-15 01:11:12,965 ERROR[][pool-2-thread-9] download.Trim.lambda$0:562 - trim error Index@ProfessionId=36&QuestionStatus=-1&pageIndex=17
java.lang.NumberFormatException: For input string: "上一页"
	at java.lang.NumberFormatException.forInputString(NumberFormatException.java:65)
	at java.lang.Integer.parseInt(Integer.java:580)
	at java.lang.Integer.parseInt(Integer.java:615)
	at download.Trim.lambda$1(Trim.java:617)
	at download.Trim.lambda$2(Trim.java:627)
	at java.util.ArrayList.forEach(ArrayList.java:1249)
	at download.Trim.trim(Trim.java:625)
	at download.Trim.lambda$0(Trim.java:555)
	at java.util.concurrent.ThreadPoolExecutor.runWorker(ThreadPoolExecutor.java:1149)
	at java.util.concurrent.ThreadPoolExecutor$Worker.run(ThreadPoolExecutor.java:624)
	at java.lang.Thread.run(Thread.java:748)
2018-04-15 01:11:12,954 ERROR[][pool-2-thread-8] download.Trim.lambda$0:562 - trim error Index@ProfessionId=36&QuestionStatus=-1&pageIndex=16
java.lang.NumberFormatException: For input string: "上一页"
	at java.lang.NumberFormatException.forInputString(NumberFormatException.java:65)
	at java.lang.Integer.parseInt(Integer.java:580)
	at java.lang.Integer.parseInt(Integer.java:615)
	at download.Trim.lambda$1(Trim.java:617)
	at download.Trim.lambda$2(Trim.java:627)
	at java.util.ArrayList.forEach(ArrayList.java:1249)
	at download.Trim.trim(Trim.java:625)
	at download.Trim.lambda$0(Trim.java:555)
	at java.util.concurrent.ThreadPoolExecutor.runWorker(ThreadPoolExecutor.java:1149)
	at java.util.concurrent.ThreadPoolExecutor$Worker.run(ThreadPoolExecutor.java:624)
	at java.lang.Thread.run(Thread.java:748)
2018-04-15 01:11:12,954 ERROR[][pool-2-thread-3] download.Trim.lambda$0:562 - trim error Index@ProfessionId=36&QuestionStatus=-1&pageIndex=11
java.lang.NumberFormatException: For input string: "上一页"
	at java.lang.NumberFormatException.forInputString(NumberFormatException.java:65)
	at java.lang.Integer.parseInt(Integer.java:580)
	at java.lang.Integer.parseInt(Integer.java:615)
	at download.Trim.lambda$1(Trim.java:617)
	at download.Trim.lambda$2(Trim.java:627)
	at java.util.ArrayList.forEach(ArrayList.java:1249)
	at download.Trim.trim(Trim.java:625)
	at download.Trim.lambda$0(Trim.java:555)
	at java.util.concurrent.ThreadPoolExecutor.runWorker(ThreadPoolExecutor.java:1149)
	at java.util.concurrent.ThreadPoolExecutor$Worker.run(ThreadPoolExecutor.java:624)
	at java.lang.Thread.run(Thread.java:748)
2018-04-15 01:11:12,960 ERROR[][pool-2-thread-7] download.Trim.lambda$0:562 - trim error Index@ProfessionId=36&QuestionStatus=-1&pageIndex=15
java.lang.NumberFormatException: For input string: "上一页"
	at java.lang.NumberFormatException.forInputString(NumberFormatException.java:65)
	at java.lang.Integer.parseInt(Integer.java:580)
	at java.lang.Integer.parseInt(Integer.java:615)
	at download.Trim.lambda$1(Trim.java:617)
	at download.Trim.lambda$2(Trim.java:627)
	at java.util.ArrayList.forEach(ArrayList.java:1249)
	at download.Trim.trim(Trim.java:625)
	at download.Trim.lambda$0(Trim.java:555)
	at java.util.concurrent.ThreadPoolExecutor.runWorker(ThreadPoolExecutor.java:1149)
	at java.util.concurrent.ThreadPoolExecutor$Worker.run(ThreadPoolExecutor.java:624)
	at java.lang.Thread.run(Thread.java:748)
2018-04-15 01:11:12,960 ERROR[][pool-2-thread-6] download.Trim.lambda$0:562 - trim error Index@ProfessionId=36&QuestionStatus=-1&pageIndex=14
java.lang.NumberFormatException: For input string: "上一页"
	at java.lang.NumberFormatException.forInputString(NumberFormatException.java:65)
	at java.lang.Integer.parseInt(Integer.java:580)
	at java.lang.Integer.parseInt(Integer.java:615)
	at download.Trim.lambda$1(Trim.java:617)
	at download.Trim.lambda$2(Trim.java:627)
	at java.util.ArrayList.forEach(ArrayList.java:1249)
	at download.Trim.trim(Trim.java:625)
	at download.Trim.lambda$0(Trim.java:555)
	at java.util.concurrent.ThreadPoolExecutor.runWorker(ThreadPoolExecutor.java:1149)
	at java.util.concurrent.ThreadPoolExecutor$Worker.run(ThreadPoolExecutor.java:624)
	at java.lang.Thread.run(Thread.java:748)
2018-04-15 01:11:13,001 ERROR[][pool-2-thread-9] download.Trim.lambda$0:562 - trim error Index@ProfessionId=36&QuestionStatus=-1&pageIndex=21
java.lang.NumberFormatException: For input string: "上一页"
	at java.lang.NumberFormatException.forInputString(NumberFormatException.java:65)
	at java.lang.Integer.parseInt(Integer.java:580)
	at java.lang.Integer.parseInt(Integer.java:615)
	at download.Trim.lambda$1(Trim.java:617)
	at download.Trim.lambda$2(Trim.java:627)
	at java.util.ArrayList.forEach(ArrayList.java:1249)
	at download.Trim.trim(Trim.java:625)
	at download.Trim.lambda$0(Trim.java:555)
	at java.util.concurrent.ThreadPoolExecutor.runWorker(ThreadPoolExecutor.java:1149)
	at java.util.concurrent.ThreadPoolExecutor$Worker.run(ThreadPoolExecutor.java:624)
	at java.lang.Thread.run(Thread.java:748)
2018-04-15 01:11:12,964 ERROR[][pool-2-thread-10] download.Trim.lambda$0:562 - trim error Index@ProfessionId=36&QuestionStatus=-1&pageIndex=18
java.lang.NumberFormatException: For input string: "上一页"
	at java.lang.NumberFormatException.forInputString(NumberFormatException.java:65)
	at java.lang.Integer.parseInt(Integer.java:580)
	at java.lang.Integer.parseInt(Integer.java:615)
	at download.Trim.lambda$1(Trim.java:617)
	at download.Trim.lambda$2(Trim.java:627)
	at java.util.ArrayList.forEach(ArrayList.java:1249)
	at download.Trim.trim(Trim.java:625)
	at download.Trim.lambda$0(Trim.java:555)
	at java.util.concurrent.ThreadPoolExecutor.runWorker(ThreadPoolExecutor.java:1149)
	at java.util.concurrent.ThreadPoolExecutor$Worker.run(ThreadPoolExecutor.java:624)
	at java.lang.Thread.run(Thread.java:748)
2018-04-15 01:11:13,000 ERROR[][pool-2-thread-2] download.Trim.lambda$0:562 - trim error Index@ProfessionId=36&QuestionStatus=-1&pageIndex=19
java.lang.NumberFormatException: For input string: "上一页"
	at java.lang.NumberFormatException.forInputString(NumberFormatException.java:65)
	at java.lang.Integer.parseInt(Integer.java:580)
	at java.lang.Integer.parseInt(Integer.java:615)
	at download.Trim.lambda$1(Trim.java:617)
	at download.Trim.lambda$2(Trim.java:627)
	at java.util.ArrayList.forEach(ArrayList.java:1249)
	at download.Trim.trim(Trim.java:625)
	at download.Trim.lambda$0(Trim.java:555)
	at java.util.concurrent.ThreadPoolExecutor.runWorker(ThreadPoolExecutor.java:1149)
	at java.util.concurrent.ThreadPoolExecutor$Worker.run(ThreadPoolExecutor.java:624)
	at java.lang.Thread.run(Thread.java:748)
2018-04-15 01:11:13,000 ERROR[][pool-2-thread-3] download.Trim.lambda$0:562 - trim error Index@ProfessionId=36&QuestionStatus=-1&pageIndex=23
java.lang.NumberFormatException: For input string: "上一页"
	at java.lang.NumberFormatException.forInputString(NumberFormatException.java:65)
	at java.lang.Integer.parseInt(Integer.java:580)
	at java.lang.Integer.parseInt(Integer.java:615)
	at download.Trim.lambda$1(Trim.java:617)
	at download.Trim.lambda$2(Trim.java:627)
	at java.util.ArrayList.forEach(ArrayList.java:1249)
	at download.Trim.trim(Trim.java:625)
	at download.Trim.lambda$0(Trim.java:555)
	at java.util.concurrent.ThreadPoolExecutor.runWorker(ThreadPoolExecutor.java:1149)
	at java.util.concurrent.ThreadPoolExecutor$Worker.run(ThreadPoolExecutor.java:624)
	at java.lang.Thread.run(Thread.java:748)
2018-04-15 01:11:13,000 ERROR[][pool-2-thread-1] download.Trim.lambda$0:562 - trim error Index@ProfessionId=36&QuestionStatus=-1&pageIndex=2
java.lang.NumberFormatException: For input string: "上一页"
	at java.lang.NumberFormatException.forInputString(NumberFormatException.java:65)
	at java.lang.Integer.parseInt(Integer.java:580)
	at java.lang.Integer.parseInt(Integer.java:615)
	at download.Trim.lambda$1(Trim.java:617)
	at download.Trim.lambda$2(Trim.java:627)
	at java.util.ArrayList.forEach(ArrayList.java:1249)
	at download.Trim.trim(Trim.java:625)
	at download.Trim.lambda$0(Trim.java:555)
	at java.util.concurrent.ThreadPoolExecutor.runWorker(ThreadPoolExecutor.java:1149)
	at java.util.concurrent.ThreadPoolExecutor$Worker.run(ThreadPoolExecutor.java:624)
	at java.lang.Thread.run(Thread.java:748)
2018-04-15 01:11:13,000 ERROR[][pool-2-thread-4] download.Trim.lambda$0:562 - trim error Index@ProfessionId=36&QuestionStatus=-1&pageIndex=20
java.lang.NumberFormatException: For input string: "上一页"
	at java.lang.NumberFormatException.forInputString(NumberFormatException.java:65)
	at java.lang.Integer.parseInt(Integer.java:580)
	at java.lang.Integer.parseInt(Integer.java:615)
	at download.Trim.lambda$1(Trim.java:617)
	at download.Trim.lambda$2(Trim.java:627)
	at java.util.ArrayList.forEach(ArrayList.java:1249)
	at download.Trim.trim(Trim.java:625)
	at download.Trim.lambda$0(Trim.java:555)
	at java.util.concurrent.ThreadPoolExecutor.runWorker(ThreadPoolExecutor.java:1149)
	at java.util.concurrent.ThreadPoolExecutor$Worker.run(ThreadPoolExecutor.java:624)
	at java.lang.Thread.run(Thread.java:748)
2018-04-15 01:11:13,012 ERROR[][pool-2-thread-8] download.Trim.lambda$0:562 - trim error Index@ProfessionId=36&QuestionStatus=-1&pageIndex=22
java.lang.NumberFormatException: For input string: "上一页"
	at java.lang.NumberFormatException.forInputString(NumberFormatException.java:65)
	at java.lang.Integer.parseInt(Integer.java:580)
	at java.lang.Integer.parseInt(Integer.java:615)
	at download.Trim.lambda$1(Trim.java:617)
	at download.Trim.lambda$2(Trim.java:627)
	at java.util.ArrayList.forEach(ArrayList.java:1249)
	at download.Trim.trim(Trim.java:625)
	at download.Trim.lambda$0(Trim.java:555)
	at java.util.concurrent.ThreadPoolExecutor.runWorker(ThreadPoolExecutor.java:1149)
	at java.util.concurrent.ThreadPoolExecutor$Worker.run(ThreadPoolExecutor.java:624)
	at java.lang.Thread.run(Thread.java:748)
2018-04-15 01:11:13,013 ERROR[][pool-2-thread-6] download.Trim.lambda$0:562 - trim error Index@ProfessionId=36&QuestionStatus=-1&pageIndex=25
java.lang.NumberFormatException: For input string: "上一页"
	at java.lang.NumberFormatException.forInputString(NumberFormatException.java:65)
	at java.lang.Integer.parseInt(Integer.java:580)
	at java.lang.Integer.parseInt(Integer.java:615)
	at download.Trim.lambda$1(Trim.java:617)
	at download.Trim.lambda$2(Trim.java:627)
	at java.util.ArrayList.forEach(ArrayList.java:1249)
	at download.Trim.trim(Trim.java:625)
	at download.Trim.lambda$0(Trim.java:555)
	at java.util.concurrent.ThreadPoolExecutor.runWorker(ThreadPoolExecutor.java:1149)
	at java.util.concurrent.ThreadPoolExecutor$Worker.run(ThreadPoolExecutor.java:624)
	at java.lang.Thread.run(Thread.java:748)
2018-04-15 01:11:12,993 ERROR[][pool-2-thread-5] download.Trim.lambda$0:562 - trim error Index@ProfessionId=36&QuestionStatus=-1&pageIndex=13
java.lang.NumberFormatException: For input string: "上一页"
	at java.lang.NumberFormatException.forInputString(NumberFormatException.java:65)
	at java.lang.Integer.parseInt(Integer.java:580)
	at java.lang.Integer.parseInt(Integer.java:615)
	at download.Trim.lambda$1(Trim.java:617)
	at download.Trim.lambda$2(Trim.java:627)
	at java.util.ArrayList.forEach(ArrayList.java:1249)
	at download.Trim.trim(Trim.java:625)
	at download.Trim.lambda$0(Trim.java:555)
	at java.util.concurrent.ThreadPoolExecutor.runWorker(ThreadPoolExecutor.java:1149)
	at java.util.concurrent.ThreadPoolExecutor$Worker.run(ThreadPoolExecutor.java:624)
	at java.lang.Thread.run(Thread.java:748)
2018-04-15 01:11:13,030 ERROR[][pool-2-thread-2] download.Trim.lambda$0:562 - trim error Index@ProfessionId=36&QuestionStatus=-1&pageIndex=28
java.lang.NumberFormatException: For input string: "上一页"
	at java.lang.NumberFormatException.forInputString(NumberFormatException.java:65)
	at java.lang.Integer.parseInt(Integer.java:580)
	at java.lang.Integer.parseInt(Integer.java:615)
	at download.Trim.lambda$1(Trim.java:617)
	at download.Trim.lambda$2(Trim.java:627)
	at java.util.ArrayList.forEach(ArrayList.java:1249)
	at download.Trim.trim(Trim.java:625)
	at download.Trim.lambda$0(Trim.java:555)
	at java.util.concurrent.ThreadPoolExecutor.runWorker(ThreadPoolExecutor.java:1149)
	at java.util.concurrent.ThreadPoolExecutor$Worker.run(ThreadPoolExecutor.java:624)
	at java.lang.Thread.run(Thread.java:748)
2018-04-15 01:11:13,031 ERROR[][pool-2-thread-1] download.Trim.lambda$0:562 - trim error Index@ProfessionId=36&QuestionStatus=-1&pageIndex=3
java.lang.NumberFormatException: For input string: "上一页"
	at java.lang.NumberFormatException.forInputString(NumberFormatException.java:65)
	at java.lang.Integer.parseInt(Integer.java:580)
	at java.lang.Integer.parseInt(Integer.java:615)
	at download.Trim.lambda$1(Trim.java:617)
	at download.Trim.lambda$2(Trim.java:627)
	at java.util.ArrayList.forEach(ArrayList.java:1249)
	at download.Trim.trim(Trim.java:625)
	at download.Trim.lambda$0(Trim.java:555)
	at java.util.concurrent.ThreadPoolExecutor.runWorker(ThreadPoolExecutor.java:1149)
	at java.util.concurrent.ThreadPoolExecutor$Worker.run(ThreadPoolExecutor.java:624)
	at java.lang.Thread.run(Thread.java:748)
2018-04-15 01:11:13,031 ERROR[][pool-2-thread-4] download.Trim.lambda$0:562 - trim error Index@ProfessionId=36&QuestionStatus=-1&pageIndex=30
java.lang.NumberFormatException: For input string: "上一页"
	at java.lang.NumberFormatException.forInputString(NumberFormatException.java:65)
	at java.lang.Integer.parseInt(Integer.java:580)
	at java.lang.Integer.parseInt(Integer.java:615)
	at download.Trim.lambda$1(Trim.java:617)
	at download.Trim.lambda$2(Trim.java:627)
	at java.util.ArrayList.forEach(ArrayList.java:1249)
	at download.Trim.trim(Trim.java:625)
	at download.Trim.lambda$0(Trim.java:555)
	at java.util.concurrent.ThreadPoolExecutor.runWorker(ThreadPoolExecutor.java:1149)
	at java.util.concurrent.ThreadPoolExecutor$Worker.run(ThreadPoolExecutor.java:624)
	at java.lang.Thread.run(Thread.java:748)
2018-04-15 01:11:13,034 ERROR[][pool-2-thread-10] download.Trim.lambda$0:562 - trim error Index@ProfessionId=36&QuestionStatus=-1&pageIndex=27
java.lang.NumberFormatException: For input string: "上一页"
	at java.lang.NumberFormatException.forInputString(NumberFormatException.java:65)
	at java.lang.Integer.parseInt(Integer.java:580)
	at java.lang.Integer.parseInt(Integer.java:615)
	at download.Trim.lambda$1(Trim.java:617)
	at download.Trim.lambda$2(Trim.java:627)
	at java.util.ArrayList.forEach(ArrayList.java:1249)
	at download.Trim.trim(Trim.java:625)
	at download.Trim.lambda$0(Trim.java:555)
	at java.util.concurrent.ThreadPoolExecutor.runWorker(ThreadPoolExecutor.java:1149)
	at java.util.concurrent.ThreadPoolExecutor$Worker.run(ThreadPoolExecutor.java:624)
	at java.lang.Thread.run(Thread.java:748)
2018-04-15 01:11:13,034 ERROR[][pool-2-thread-8] download.Trim.lambda$0:562 - trim error Index@ProfessionId=36&QuestionStatus=-1&pageIndex=31
java.lang.NumberFormatException: For input string: "上一页"
	at java.lang.NumberFormatException.forInputString(NumberFormatException.java:65)
	at java.lang.Integer.parseInt(Integer.java:580)
	at java.lang.Integer.parseInt(Integer.java:615)
	at download.Trim.lambda$1(Trim.java:617)
	at download.Trim.lambda$2(Trim.java:627)
	at java.util.ArrayList.forEach(ArrayList.java:1249)
	at download.Trim.trim(Trim.java:625)
	at download.Trim.lambda$0(Trim.java:555)
	at java.util.concurrent.ThreadPoolExecutor.runWorker(ThreadPoolExecutor.java:1149)
	at java.util.concurrent.ThreadPoolExecutor$Worker.run(ThreadPoolExecutor.java:624)
	at java.lang.Thread.run(Thread.java:748)
2018-04-15 01:11:13,013 ERROR[][pool-2-thread-9] download.Trim.lambda$0:562 - trim error Index@ProfessionId=36&QuestionStatus=-1&pageIndex=26
java.lang.NumberFormatException: For input string: "上一页"
	at java.lang.NumberFormatException.forInputString(NumberFormatException.java:65)
	at java.lang.Integer.parseInt(Integer.java:580)
	at java.lang.Integer.parseInt(Integer.java:615)
	at download.Trim.lambda$1(Trim.java:617)
	at download.Trim.lambda$2(Trim.java:627)
	at java.util.ArrayList.forEach(ArrayList.java:1249)
	at download.Trim.trim(Trim.java:625)
	at download.Trim.lambda$0(Trim.java:555)
	at java.util.concurrent.ThreadPoolExecutor.runWorker(ThreadPoolExecutor.java:1149)
	at java.util.concurrent.ThreadPoolExecutor$Worker.run(ThreadPoolExecutor.java:624)
	at java.lang.Thread.run(Thread.java:748)
2018-04-15 01:11:13,036 ERROR[][pool-2-thread-7] download.Trim.lambda$0:562 - trim error Index@ProfessionId=36&QuestionStatus=-1&pageIndex=24
java.lang.NumberFormatException: For input string: "上一页"
	at java.lang.NumberFormatException.forInputString(NumberFormatException.java:65)
	at java.lang.Integer.parseInt(Integer.java:580)
	at java.lang.Integer.parseInt(Integer.java:615)
	at download.Trim.lambda$1(Trim.java:617)
	at download.Trim.lambda$2(Trim.java:627)
	at java.util.ArrayList.forEach(ArrayList.java:1249)
	at download.Trim.trim(Trim.java:625)
	at download.Trim.lambda$0(Trim.java:555)
	at java.util.concurrent.ThreadPoolExecutor.runWorker(ThreadPoolExecutor.java:1149)
	at java.util.concurrent.ThreadPoolExecutor$Worker.run(ThreadPoolExecutor.java:624)
	at java.lang.Thread.run(Thread.java:748)
2018-04-15 01:11:13,040 ERROR[][pool-2-thread-3] download.Trim.lambda$0:562 - trim error Index@ProfessionId=36&QuestionStatus=-1&pageIndex=29
java.lang.NumberFormatException: For input string: "上一页"
	at java.lang.NumberFormatException.forInputString(NumberFormatException.java:65)
	at java.lang.Integer.parseInt(Integer.java:580)
	at java.lang.Integer.parseInt(Integer.java:615)
	at download.Trim.lambda$1(Trim.java:617)
	at download.Trim.lambda$2(Trim.java:627)
	at java.util.ArrayList.forEach(ArrayList.java:1249)
	at download.Trim.trim(Trim.java:625)
	at download.Trim.lambda$0(Trim.java:555)
	at java.util.concurrent.ThreadPoolExecutor.runWorker(ThreadPoolExecutor.java:1149)
	at java.util.concurrent.ThreadPoolExecutor$Worker.run(ThreadPoolExecutor.java:624)
	at java.lang.Thread.run(Thread.java:748)
2018-04-15 01:11:13,041 ERROR[][pool-2-thread-1] download.Trim.lambda$0:562 - trim error Index@ProfessionId=36&QuestionStatus=-1&pageIndex=7
java.lang.NumberFormatException: For input string: "上一页"
	at java.lang.NumberFormatException.forInputString(NumberFormatException.java:65)
	at java.lang.Integer.parseInt(Integer.java:580)
	at java.lang.Integer.parseInt(Integer.java:615)
	at download.Trim.lambda$1(Trim.java:617)
	at download.Trim.lambda$2(Trim.java:627)
	at java.util.ArrayList.forEach(ArrayList.java:1249)
	at download.Trim.trim(Trim.java:625)
	at download.Trim.lambda$0(Trim.java:555)
	at java.util.concurrent.ThreadPoolExecutor.runWorker(ThreadPoolExecutor.java:1149)
	at java.util.concurrent.ThreadPoolExecutor$Worker.run(ThreadPoolExecutor.java:624)
	at java.lang.Thread.run(Thread.java:748)
2018-04-15 01:11:13,042 ERROR[][pool-2-thread-5] download.Trim.lambda$0:562 - trim error Index@ProfessionId=36&QuestionStatus=-1&pageIndex=5
java.lang.NumberFormatException: For input string: "上一页"
	at java.lang.NumberFormatException.forInputString(NumberFormatException.java:65)
	at java.lang.Integer.parseInt(Integer.java:580)
	at java.lang.Integer.parseInt(Integer.java:615)
	at download.Trim.lambda$1(Trim.java:617)
	at download.Trim.lambda$2(Trim.java:627)
	at java.util.ArrayList.forEach(ArrayList.java:1249)
	at download.Trim.trim(Trim.java:625)
	at download.Trim.lambda$0(Trim.java:555)
	at java.util.concurrent.ThreadPoolExecutor.runWorker(ThreadPoolExecutor.java:1149)
	at java.util.concurrent.ThreadPoolExecutor$Worker.run(ThreadPoolExecutor.java:624)
	at java.lang.Thread.run(Thread.java:748)
2018-04-15 01:11:13,042 ERROR[][pool-2-thread-4] download.Trim.lambda$0:562 - trim error Index@ProfessionId=36&QuestionStatus=-1&pageIndex=8
java.lang.NumberFormatException: For input string: "上一页"
	at java.lang.NumberFormatException.forInputString(NumberFormatException.java:65)
	at java.lang.Integer.parseInt(Integer.java:580)
	at java.lang.Integer.parseInt(Integer.java:615)
	at download.Trim.lambda$1(Trim.java:617)
	at download.Trim.lambda$2(Trim.java:627)
	at java.util.ArrayList.forEach(ArrayList.java:1249)
	at download.Trim.trim(Trim.java:625)
	at download.Trim.lambda$0(Trim.java:555)
	at java.util.concurrent.ThreadPoolExecutor.runWorker(ThreadPoolExecutor.java:1149)
	at java.util.concurrent.ThreadPoolExecutor$Worker.run(ThreadPoolExecutor.java:624)
	at java.lang.Thread.run(Thread.java:748)
2018-04-15 01:11:13,043 ERROR[][pool-2-thread-2] download.Trim.lambda$0:562 - trim error Index@ProfessionId=36&QuestionStatus=-1&pageIndex=6
java.lang.NumberFormatException: For input string: "上一页"
	at java.lang.NumberFormatException.forInputString(NumberFormatException.java:65)
	at java.lang.Integer.parseInt(Integer.java:580)
	at java.lang.Integer.parseInt(Integer.java:615)
	at download.Trim.lambda$1(Trim.java:617)
	at download.Trim.lambda$2(Trim.java:627)
	at java.util.ArrayList.forEach(ArrayList.java:1249)
	at download.Trim.trim(Trim.java:625)
	at download.Trim.lambda$0(Trim.java:555)
	at java.util.concurrent.ThreadPoolExecutor.runWorker(ThreadPoolExecutor.java:1149)
	at java.util.concurrent.ThreadPoolExecutor$Worker.run(ThreadPoolExecutor.java:624)
	at java.lang.Thread.run(Thread.java:748)
2018-04-15 01:11:13,045 ERROR[][pool-2-thread-6] download.Trim.lambda$0:562 - trim error Index@ProfessionId=36&QuestionStatus=-1&pageIndex=4
java.lang.NumberFormatException: For input string: "上一页"
	at java.lang.NumberFormatException.forInputString(NumberFormatException.java:65)
	at java.lang.Integer.parseInt(Integer.java:580)
	at java.lang.Integer.parseInt(Integer.java:615)
	at download.Trim.lambda$1(Trim.java:617)
	at download.Trim.lambda$2(Trim.java:627)
	at java.util.ArrayList.forEach(ArrayList.java:1249)
	at download.Trim.trim(Trim.java:625)
	at download.Trim.lambda$0(Trim.java:555)
	at java.util.concurrent.ThreadPoolExecutor.runWorker(ThreadPoolExecutor.java:1149)
	at java.util.concurrent.ThreadPoolExecutor$Worker.run(ThreadPoolExecutor.java:624)
	at java.lang.Thread.run(Thread.java:748)
2018-04-15 01:11:13,045 ERROR[][pool-2-thread-10] download.Trim.lambda$0:562 - trim error Index@ProfessionId=36&QuestionStatus=-1&pageIndex=9
java.lang.NumberFormatException: For input string: "上一页"
	at java.lang.NumberFormatException.forInputString(NumberFormatException.java:65)
	at java.lang.Integer.parseInt(Integer.java:580)
	at java.lang.Integer.parseInt(Integer.java:615)
	at download.Trim.lambda$1(Trim.java:617)
	at download.Trim.lambda$2(Trim.java:627)
	at java.util.ArrayList.forEach(ArrayList.java:1249)
	at download.Trim.trim(Trim.java:625)
	at download.Trim.lambda$0(Trim.java:555)
	at java.util.concurrent.ThreadPoolExecutor.runWorker(ThreadPoolExecutor.java:1149)
	at java.util.concurrent.ThreadPoolExecutor$Worker.run(ThreadPoolExecutor.java:624)
	at java.lang.Thread.run(Thread.java:748)
2018-04-15 01:12:11,031 ERROR[][pool-2-thread-5] download.Trim.lambda$0:562 - trim error Index@ProfessionId=36&QuestionStatus=-1&pageIndex=13
java.lang.NumberFormatException: For input string: "上一页"
	at java.lang.NumberFormatException.forInputString(NumberFormatException.java:65)
	at java.lang.Integer.parseInt(Integer.java:580)
	at java.lang.Integer.parseInt(Integer.java:615)
	at download.Trim.lambda$1(Trim.java:617)
	at download.Trim.lambda$2(Trim.java:627)
	at java.util.ArrayList.forEach(ArrayList.java:1249)
	at download.Trim.trim(Trim.java:625)
	at download.Trim.lambda$0(Trim.java:555)
	at java.util.concurrent.ThreadPoolExecutor.runWorker(ThreadPoolExecutor.java:1149)
	at java.util.concurrent.ThreadPoolExecutor$Worker.run(ThreadPoolExecutor.java:624)
	at java.lang.Thread.run(Thread.java:748)
2018-04-15 01:12:11,046 ERROR[][pool-2-thread-10] download.Trim.lambda$0:562 - trim error Index@ProfessionId=36&QuestionStatus=-1&pageIndex=18
java.lang.NumberFormatException: For input string: "上一页"
	at java.lang.NumberFormatException.forInputString(NumberFormatException.java:65)
	at java.lang.Integer.parseInt(Integer.java:580)
	at java.lang.Integer.parseInt(Integer.java:615)
	at download.Trim.lambda$1(Trim.java:617)
	at download.Trim.lambda$2(Trim.java:627)
	at java.util.ArrayList.forEach(ArrayList.java:1249)
	at download.Trim.trim(Trim.java:625)
	at download.Trim.lambda$0(Trim.java:555)
	at java.util.concurrent.ThreadPoolExecutor.runWorker(ThreadPoolExecutor.java:1149)
	at java.util.concurrent.ThreadPoolExecutor$Worker.run(ThreadPoolExecutor.java:624)
	at java.lang.Thread.run(Thread.java:748)
2018-04-15 01:12:11,051 ERROR[][pool-2-thread-2] download.Trim.lambda$0:562 - trim error Index@ProfessionId=36&QuestionStatus=-1&pageIndex=10
java.lang.NumberFormatException: For input string: "上一页"
	at java.lang.NumberFormatException.forInputString(NumberFormatException.java:65)
	at java.lang.Integer.parseInt(Integer.java:580)
	at java.lang.Integer.parseInt(Integer.java:615)
	at download.Trim.lambda$1(Trim.java:617)
	at download.Trim.lambda$2(Trim.java:627)
	at java.util.ArrayList.forEach(ArrayList.java:1249)
	at download.Trim.trim(Trim.java:625)
	at download.Trim.lambda$0(Trim.java:555)
	at java.util.concurrent.ThreadPoolExecutor.runWorker(ThreadPoolExecutor.java:1149)
	at java.util.concurrent.ThreadPoolExecutor$Worker.run(ThreadPoolExecutor.java:624)
	at java.lang.Thread.run(Thread.java:748)
2018-04-15 01:12:11,056 ERROR[][pool-2-thread-1] download.Trim.lambda$0:562 - trim error Index@ProfessionId=36&QuestionStatus=-1&pageIndex=1
java.lang.NumberFormatException: For input string: "下一页"
	at java.lang.NumberFormatException.forInputString(NumberFormatException.java:65)
	at java.lang.Integer.parseInt(Integer.java:580)
	at java.lang.Integer.parseInt(Integer.java:615)
	at download.Trim.lambda$1(Trim.java:617)
	at download.Trim.lambda$2(Trim.java:627)
	at java.util.ArrayList.forEach(ArrayList.java:1249)
	at download.Trim.trim(Trim.java:625)
	at download.Trim.lambda$0(Trim.java:555)
	at java.util.concurrent.ThreadPoolExecutor.runWorker(ThreadPoolExecutor.java:1149)
	at java.util.concurrent.ThreadPoolExecutor$Worker.run(ThreadPoolExecutor.java:624)
	at java.lang.Thread.run(Thread.java:748)
2018-04-15 01:12:11,060 ERROR[][pool-2-thread-6] download.Trim.lambda$0:562 - trim error Index@ProfessionId=36&QuestionStatus=-1&pageIndex=14
java.lang.NumberFormatException: For input string: "上一页"
	at java.lang.NumberFormatException.forInputString(NumberFormatException.java:65)
	at java.lang.Integer.parseInt(Integer.java:580)
	at java.lang.Integer.parseInt(Integer.java:615)
	at download.Trim.lambda$1(Trim.java:617)
	at download.Trim.lambda$2(Trim.java:627)
	at java.util.ArrayList.forEach(ArrayList.java:1249)
	at download.Trim.trim(Trim.java:625)
	at download.Trim.lambda$0(Trim.java:555)
	at java.util.concurrent.ThreadPoolExecutor.runWorker(ThreadPoolExecutor.java:1149)
	at java.util.concurrent.ThreadPoolExecutor$Worker.run(ThreadPoolExecutor.java:624)
	at java.lang.Thread.run(Thread.java:748)
2018-04-15 01:12:11,031 ERROR[][pool-2-thread-8] download.Trim.lambda$0:562 - trim error Index@ProfessionId=36&QuestionStatus=-1&pageIndex=16
java.lang.NumberFormatException: For input string: "上一页"
	at java.lang.NumberFormatException.forInputString(NumberFormatException.java:65)
	at java.lang.Integer.parseInt(Integer.java:580)
	at java.lang.Integer.parseInt(Integer.java:615)
	at download.Trim.lambda$1(Trim.java:617)
	at download.Trim.lambda$2(Trim.java:627)
	at java.util.ArrayList.forEach(ArrayList.java:1249)
	at download.Trim.trim(Trim.java:625)
	at download.Trim.lambda$0(Trim.java:555)
	at java.util.concurrent.ThreadPoolExecutor.runWorker(ThreadPoolExecutor.java:1149)
	at java.util.concurrent.ThreadPoolExecutor$Worker.run(ThreadPoolExecutor.java:624)
	at java.lang.Thread.run(Thread.java:748)
2018-04-15 01:12:11,062 ERROR[][pool-2-thread-1] download.Trim.lambda$0:562 - trim error Index@ProfessionId=36&QuestionStatus=-1&pageIndex=21
java.lang.NumberFormatException: For input string: "上一页"
	at java.lang.NumberFormatException.forInputString(NumberFormatException.java:65)
	at java.lang.Integer.parseInt(Integer.java:580)
	at java.lang.Integer.parseInt(Integer.java:615)
	at download.Trim.lambda$1(Trim.java:617)
	at download.Trim.lambda$2(Trim.java:627)
	at java.util.ArrayList.forEach(ArrayList.java:1249)
	at download.Trim.trim(Trim.java:625)
	at download.Trim.lambda$0(Trim.java:555)
	at java.util.concurrent.ThreadPoolExecutor.runWorker(ThreadPoolExecutor.java:1149)
	at java.util.concurrent.ThreadPoolExecutor$Worker.run(ThreadPoolExecutor.java:624)
	at java.lang.Thread.run(Thread.java:748)
2018-04-15 01:12:11,062 ERROR[][pool-2-thread-10] download.Trim.lambda$0:562 - trim error Index@ProfessionId=36&QuestionStatus=-1&pageIndex=2
java.lang.NumberFormatException: For input string: "上一页"
	at java.lang.NumberFormatException.forInputString(NumberFormatException.java:65)
	at java.lang.Integer.parseInt(Integer.java:580)
	at java.lang.Integer.parseInt(Integer.java:615)
	at download.Trim.lambda$1(Trim.java:617)
	at download.Trim.lambda$2(Trim.java:627)
	at java.util.ArrayList.forEach(ArrayList.java:1249)
	at download.Trim.trim(Trim.java:625)
	at download.Trim.lambda$0(Trim.java:555)
	at java.util.concurrent.ThreadPoolExecutor.runWorker(ThreadPoolExecutor.java:1149)
	at java.util.concurrent.ThreadPoolExecutor$Worker.run(ThreadPoolExecutor.java:624)
	at java.lang.Thread.run(Thread.java:748)
2018-04-15 01:12:11,073 ERROR[][pool-2-thread-7] download.Trim.lambda$0:562 - trim error Index@ProfessionId=36&QuestionStatus=-1&pageIndex=15
java.lang.NumberFormatException: For input string: "上一页"
	at java.lang.NumberFormatException.forInputString(NumberFormatException.java:65)
	at java.lang.Integer.parseInt(Integer.java:580)
	at java.lang.Integer.parseInt(Integer.java:615)
	at download.Trim.lambda$1(Trim.java:617)
	at download.Trim.lambda$2(Trim.java:627)
	at java.util.ArrayList.forEach(ArrayList.java:1249)
	at download.Trim.trim(Trim.java:625)
	at download.Trim.lambda$0(Trim.java:555)
	at java.util.concurrent.ThreadPoolExecutor.runWorker(ThreadPoolExecutor.java:1149)
	at java.util.concurrent.ThreadPoolExecutor$Worker.run(ThreadPoolExecutor.java:624)
	at java.lang.Thread.run(Thread.java:748)
2018-04-15 01:12:11,062 ERROR[][pool-2-thread-2] download.Trim.lambda$0:562 - trim error Index@ProfessionId=36&QuestionStatus=-1&pageIndex=20
java.lang.NumberFormatException: For input string: "上一页"
	at java.lang.NumberFormatException.forInputString(NumberFormatException.java:65)
	at java.lang.Integer.parseInt(Integer.java:580)
	at java.lang.Integer.parseInt(Integer.java:615)
	at download.Trim.lambda$1(Trim.java:617)
	at download.Trim.lambda$2(Trim.java:627)
	at java.util.ArrayList.forEach(ArrayList.java:1249)
	at download.Trim.trim(Trim.java:625)
	at download.Trim.lambda$0(Trim.java:555)
	at java.util.concurrent.ThreadPoolExecutor.runWorker(ThreadPoolExecutor.java:1149)
	at java.util.concurrent.ThreadPoolExecutor$Worker.run(ThreadPoolExecutor.java:624)
	at java.lang.Thread.run(Thread.java:748)
2018-04-15 01:12:11,073 ERROR[][pool-2-thread-3] download.Trim.lambda$0:562 - trim error Index@ProfessionId=36&QuestionStatus=-1&pageIndex=11
java.lang.NumberFormatException: For input string: "上一页"
	at java.lang.NumberFormatException.forInputString(NumberFormatException.java:65)
	at java.lang.Integer.parseInt(Integer.java:580)
	at java.lang.Integer.parseInt(Integer.java:615)
	at download.Trim.lambda$1(Trim.java:617)
	at download.Trim.lambda$2(Trim.java:627)
	at java.util.ArrayList.forEach(ArrayList.java:1249)
	at download.Trim.trim(Trim.java:625)
	at download.Trim.lambda$0(Trim.java:555)
	at java.util.concurrent.ThreadPoolExecutor.runWorker(ThreadPoolExecutor.java:1149)
	at java.util.concurrent.ThreadPoolExecutor$Worker.run(ThreadPoolExecutor.java:624)
	at java.lang.Thread.run(Thread.java:748)
2018-04-15 01:12:11,074 ERROR[][pool-2-thread-6] download.Trim.lambda$0:562 - trim error Index@ProfessionId=36&QuestionStatus=-1&pageIndex=22
java.lang.NumberFormatException: For input string: "上一页"
	at java.lang.NumberFormatException.forInputString(NumberFormatException.java:65)
	at java.lang.Integer.parseInt(Integer.java:580)
	at java.lang.Integer.parseInt(Integer.java:615)
	at download.Trim.lambda$1(Trim.java:617)
	at download.Trim.lambda$2(Trim.java:627)
	at java.util.ArrayList.forEach(ArrayList.java:1249)
	at download.Trim.trim(Trim.java:625)
	at download.Trim.lambda$0(Trim.java:555)
	at java.util.concurrent.ThreadPoolExecutor.runWorker(ThreadPoolExecutor.java:1149)
	at java.util.concurrent.ThreadPoolExecutor$Worker.run(ThreadPoolExecutor.java:624)
	at java.lang.Thread.run(Thread.java:748)
2018-04-15 01:12:11,068 ERROR[][pool-2-thread-5] download.Trim.lambda$0:562 - trim error Index@ProfessionId=36&QuestionStatus=-1&pageIndex=19
java.lang.NumberFormatException: For input string: "上一页"
	at java.lang.NumberFormatException.forInputString(NumberFormatException.java:65)
	at java.lang.Integer.parseInt(Integer.java:580)
	at java.lang.Integer.parseInt(Integer.java:615)
	at download.Trim.lambda$1(Trim.java:617)
	at download.Trim.lambda$2(Trim.java:627)
	at java.util.ArrayList.forEach(ArrayList.java:1249)
	at download.Trim.trim(Trim.java:625)
	at download.Trim.lambda$0(Trim.java:555)
	at java.util.concurrent.ThreadPoolExecutor.runWorker(ThreadPoolExecutor.java:1149)
	at java.util.concurrent.ThreadPoolExecutor$Worker.run(ThreadPoolExecutor.java:624)
	at java.lang.Thread.run(Thread.java:748)
2018-04-15 01:12:11,032 ERROR[][pool-2-thread-4] download.Trim.lambda$0:562 - trim error Index@ProfessionId=36&QuestionStatus=-1&pageIndex=12
java.lang.NumberFormatException: For input string: "上一页"
	at java.lang.NumberFormatException.forInputString(NumberFormatException.java:65)
	at java.lang.Integer.parseInt(Integer.java:580)
	at java.lang.Integer.parseInt(Integer.java:615)
	at download.Trim.lambda$1(Trim.java:617)
	at download.Trim.lambda$2(Trim.java:627)
	at java.util.ArrayList.forEach(ArrayList.java:1249)
	at download.Trim.trim(Trim.java:625)
	at download.Trim.lambda$0(Trim.java:555)
	at java.util.concurrent.ThreadPoolExecutor.runWorker(ThreadPoolExecutor.java:1149)
	at java.util.concurrent.ThreadPoolExecutor$Worker.run(ThreadPoolExecutor.java:624)
	at java.lang.Thread.run(Thread.java:748)
2018-04-15 01:12:11,098 ERROR[][pool-2-thread-2] download.Trim.lambda$0:562 - trim error Index@ProfessionId=36&QuestionStatus=-1&pageIndex=27
java.lang.NumberFormatException: For input string: "上一页"
	at java.lang.NumberFormatException.forInputString(NumberFormatException.java:65)
	at java.lang.Integer.parseInt(Integer.java:580)
	at java.lang.Integer.parseInt(Integer.java:615)
	at download.Trim.lambda$1(Trim.java:617)
	at download.Trim.lambda$2(Trim.java:627)
	at java.util.ArrayList.forEach(ArrayList.java:1249)
	at download.Trim.trim(Trim.java:625)
	at download.Trim.lambda$0(Trim.java:555)
	at java.util.concurrent.ThreadPoolExecutor.runWorker(ThreadPoolExecutor.java:1149)
	at java.util.concurrent.ThreadPoolExecutor$Worker.run(ThreadPoolExecutor.java:624)
	at java.lang.Thread.run(Thread.java:748)
2018-04-15 01:12:11,099 ERROR[][pool-2-thread-9] download.Trim.lambda$0:562 - trim error Index@ProfessionId=36&QuestionStatus=-1&pageIndex=17
java.lang.NumberFormatException: For input string: "上一页"
	at java.lang.NumberFormatException.forInputString(NumberFormatException.java:65)
	at java.lang.Integer.parseInt(Integer.java:580)
	at java.lang.Integer.parseInt(Integer.java:615)
	at download.Trim.lambda$1(Trim.java:617)
	at download.Trim.lambda$2(Trim.java:627)
	at java.util.ArrayList.forEach(ArrayList.java:1249)
	at download.Trim.trim(Trim.java:625)
	at download.Trim.lambda$0(Trim.java:555)
	at java.util.concurrent.ThreadPoolExecutor.runWorker(ThreadPoolExecutor.java:1149)
	at java.util.concurrent.ThreadPoolExecutor$Worker.run(ThreadPoolExecutor.java:624)
	at java.lang.Thread.run(Thread.java:748)
2018-04-15 01:12:11,073 ERROR[][pool-2-thread-1] download.Trim.lambda$0:562 - trim error Index@ProfessionId=36&QuestionStatus=-1&pageIndex=24
java.lang.NumberFormatException: For input string: "上一页"
	at java.lang.NumberFormatException.forInputString(NumberFormatException.java:65)
	at java.lang.Integer.parseInt(Integer.java:580)
	at java.lang.Integer.parseInt(Integer.java:615)
	at download.Trim.lambda$1(Trim.java:617)
	at download.Trim.lambda$2(Trim.java:627)
	at java.util.ArrayList.forEach(ArrayList.java:1249)
	at download.Trim.trim(Trim.java:625)
	at download.Trim.lambda$0(Trim.java:555)
	at java.util.concurrent.ThreadPoolExecutor.runWorker(ThreadPoolExecutor.java:1149)
	at java.util.concurrent.ThreadPoolExecutor$Worker.run(ThreadPoolExecutor.java:624)
	at java.lang.Thread.run(Thread.java:748)
2018-04-15 01:12:11,098 ERROR[][pool-2-thread-3] download.Trim.lambda$0:562 - trim error Index@ProfessionId=36&QuestionStatus=-1&pageIndex=28
java.lang.NumberFormatException: For input string: "上一页"
	at java.lang.NumberFormatException.forInputString(NumberFormatException.java:65)
	at java.lang.Integer.parseInt(Integer.java:580)
	at java.lang.Integer.parseInt(Integer.java:615)
	at download.Trim.lambda$1(Trim.java:617)
	at download.Trim.lambda$2(Trim.java:627)
	at java.util.ArrayList.forEach(ArrayList.java:1249)
	at download.Trim.trim(Trim.java:625)
	at download.Trim.lambda$0(Trim.java:555)
	at java.util.concurrent.ThreadPoolExecutor.runWorker(ThreadPoolExecutor.java:1149)
	at java.util.concurrent.ThreadPoolExecutor$Worker.run(ThreadPoolExecutor.java:624)
	at java.lang.Thread.run(Thread.java:748)
2018-04-15 01:12:11,108 ERROR[][pool-2-thread-6] download.Trim.lambda$0:562 - trim error Index@ProfessionId=36&QuestionStatus=-1&pageIndex=29
java.lang.NumberFormatException: For input string: "上一页"
	at java.lang.NumberFormatException.forInputString(NumberFormatException.java:65)
	at java.lang.Integer.parseInt(Integer.java:580)
	at java.lang.Integer.parseInt(Integer.java:615)
	at download.Trim.lambda$1(Trim.java:617)
	at download.Trim.lambda$2(Trim.java:627)
	at java.util.ArrayList.forEach(ArrayList.java:1249)
	at download.Trim.trim(Trim.java:625)
	at download.Trim.lambda$0(Trim.java:555)
	at java.util.concurrent.ThreadPoolExecutor.runWorker(ThreadPoolExecutor.java:1149)
	at java.util.concurrent.ThreadPoolExecutor$Worker.run(ThreadPoolExecutor.java:624)
	at java.lang.Thread.run(Thread.java:748)
2018-04-15 01:12:11,109 ERROR[][pool-2-thread-4] download.Trim.lambda$0:562 - trim error Index@ProfessionId=36&QuestionStatus=-1&pageIndex=30
java.lang.NumberFormatException: For input string: "上一页"
	at java.lang.NumberFormatException.forInputString(NumberFormatException.java:65)
	at java.lang.Integer.parseInt(Integer.java:580)
	at java.lang.Integer.parseInt(Integer.java:615)
	at download.Trim.lambda$1(Trim.java:617)
	at download.Trim.lambda$2(Trim.java:627)
	at java.util.ArrayList.forEach(ArrayList.java:1249)
	at download.Trim.trim(Trim.java:625)
	at download.Trim.lambda$0(Trim.java:555)
	at java.util.concurrent.ThreadPoolExecutor.runWorker(ThreadPoolExecutor.java:1149)
	at java.util.concurrent.ThreadPoolExecutor$Worker.run(ThreadPoolExecutor.java:624)
	at java.lang.Thread.run(Thread.java:748)
2018-04-15 01:12:11,109 ERROR[][pool-2-thread-8] download.Trim.lambda$0:562 - trim error Index@ProfessionId=36&QuestionStatus=-1&pageIndex=23
java.lang.NumberFormatException: For input string: "上一页"
	at java.lang.NumberFormatException.forInputString(NumberFormatException.java:65)
	at java.lang.Integer.parseInt(Integer.java:580)
	at java.lang.Integer.parseInt(Integer.java:615)
	at download.Trim.lambda$1(Trim.java:617)
	at download.Trim.lambda$2(Trim.java:627)
	at java.util.ArrayList.forEach(ArrayList.java:1249)
	at download.Trim.trim(Trim.java:625)
	at download.Trim.lambda$0(Trim.java:555)
	at java.util.concurrent.ThreadPoolExecutor.runWorker(ThreadPoolExecutor.java:1149)
	at java.util.concurrent.ThreadPoolExecutor$Worker.run(ThreadPoolExecutor.java:624)
	at java.lang.Thread.run(Thread.java:748)
2018-04-15 01:12:11,111 ERROR[][pool-2-thread-9] download.Trim.lambda$0:562 - trim error Index@ProfessionId=36&QuestionStatus=-1&pageIndex=4
java.lang.NumberFormatException: For input string: "上一页"
	at java.lang.NumberFormatException.forInputString(NumberFormatException.java:65)
	at java.lang.Integer.parseInt(Integer.java:580)
	at java.lang.Integer.parseInt(Integer.java:615)
	at download.Trim.lambda$1(Trim.java:617)
	at download.Trim.lambda$2(Trim.java:627)
	at java.util.ArrayList.forEach(ArrayList.java:1249)
	at download.Trim.trim(Trim.java:625)
	at download.Trim.lambda$0(Trim.java:555)
	at java.util.concurrent.ThreadPoolExecutor.runWorker(ThreadPoolExecutor.java:1149)
	at java.util.concurrent.ThreadPoolExecutor$Worker.run(ThreadPoolExecutor.java:624)
	at java.lang.Thread.run(Thread.java:748)
2018-04-15 01:12:11,111 ERROR[][pool-2-thread-10] download.Trim.lambda$0:562 - trim error Index@ProfessionId=36&QuestionStatus=-1&pageIndex=25
java.lang.NumberFormatException: For input string: "上一页"
	at java.lang.NumberFormatException.forInputString(NumberFormatException.java:65)
	at java.lang.Integer.parseInt(Integer.java:580)
	at java.lang.Integer.parseInt(Integer.java:615)
	at download.Trim.lambda$1(Trim.java:617)
	at download.Trim.lambda$2(Trim.java:627)
	at java.util.ArrayList.forEach(ArrayList.java:1249)
	at download.Trim.trim(Trim.java:625)
	at download.Trim.lambda$0(Trim.java:555)
	at java.util.concurrent.ThreadPoolExecutor.runWorker(ThreadPoolExecutor.java:1149)
	at java.util.concurrent.ThreadPoolExecutor$Worker.run(ThreadPoolExecutor.java:624)
	at java.lang.Thread.run(Thread.java:748)
2018-04-15 01:12:11,111 ERROR[][pool-2-thread-2] download.Trim.lambda$0:562 - trim error Index@ProfessionId=36&QuestionStatus=-1&pageIndex=31
java.lang.NumberFormatException: For input string: "上一页"
	at java.lang.NumberFormatException.forInputString(NumberFormatException.java:65)
	at java.lang.Integer.parseInt(Integer.java:580)
	at java.lang.Integer.parseInt(Integer.java:615)
	at download.Trim.lambda$1(Trim.java:617)
	at download.Trim.lambda$2(Trim.java:627)
	at java.util.ArrayList.forEach(ArrayList.java:1249)
	at download.Trim.trim(Trim.java:625)
	at download.Trim.lambda$0(Trim.java:555)
	at java.util.concurrent.ThreadPoolExecutor.runWorker(ThreadPoolExecutor.java:1149)
	at java.util.concurrent.ThreadPoolExecutor$Worker.run(ThreadPoolExecutor.java:624)
	at java.lang.Thread.run(Thread.java:748)
2018-04-15 01:12:11,111 ERROR[][pool-2-thread-5] download.Trim.lambda$0:562 - trim error Index@ProfessionId=36&QuestionStatus=-1&pageIndex=3
java.lang.NumberFormatException: For input string: "上一页"
	at java.lang.NumberFormatException.forInputString(NumberFormatException.java:65)
	at java.lang.Integer.parseInt(Integer.java:580)
	at java.lang.Integer.parseInt(Integer.java:615)
	at download.Trim.lambda$1(Trim.java:617)
	at download.Trim.lambda$2(Trim.java:627)
	at java.util.ArrayList.forEach(ArrayList.java:1249)
	at download.Trim.trim(Trim.java:625)
	at download.Trim.lambda$0(Trim.java:555)
	at java.util.concurrent.ThreadPoolExecutor.runWorker(ThreadPoolExecutor.java:1149)
	at java.util.concurrent.ThreadPoolExecutor$Worker.run(ThreadPoolExecutor.java:624)
	at java.lang.Thread.run(Thread.java:748)
2018-04-15 01:12:11,120 ERROR[][pool-2-thread-7] download.Trim.lambda$0:562 - trim error Index@ProfessionId=36&QuestionStatus=-1&pageIndex=26
java.lang.NumberFormatException: For input string: "上一页"
	at java.lang.NumberFormatException.forInputString(NumberFormatException.java:65)
	at java.lang.Integer.parseInt(Integer.java:580)
	at java.lang.Integer.parseInt(Integer.java:615)
	at download.Trim.lambda$1(Trim.java:617)
	at download.Trim.lambda$2(Trim.java:627)
	at java.util.ArrayList.forEach(ArrayList.java:1249)
	at download.Trim.trim(Trim.java:625)
	at download.Trim.lambda$0(Trim.java:555)
	at java.util.concurrent.ThreadPoolExecutor.runWorker(ThreadPoolExecutor.java:1149)
	at java.util.concurrent.ThreadPoolExecutor$Worker.run(ThreadPoolExecutor.java:624)
	at java.lang.Thread.run(Thread.java:748)
2018-04-15 01:12:11,121 ERROR[][pool-2-thread-4] download.Trim.lambda$0:562 - trim error Index@ProfessionId=36&QuestionStatus=-1&pageIndex=8
java.lang.NumberFormatException: For input string: "上一页"
	at java.lang.NumberFormatException.forInputString(NumberFormatException.java:65)
	at java.lang.Integer.parseInt(Integer.java:580)
	at java.lang.Integer.parseInt(Integer.java:615)
	at download.Trim.lambda$1(Trim.java:617)
	at download.Trim.lambda$2(Trim.java:627)
	at java.util.ArrayList.forEach(ArrayList.java:1249)
	at download.Trim.trim(Trim.java:625)
	at download.Trim.lambda$0(Trim.java:555)
	at java.util.concurrent.ThreadPoolExecutor.runWorker(ThreadPoolExecutor.java:1149)
	at java.util.concurrent.ThreadPoolExecutor$Worker.run(ThreadPoolExecutor.java:624)
	at java.lang.Thread.run(Thread.java:748)
2018-04-15 01:12:11,121 ERROR[][pool-2-thread-1] download.Trim.lambda$0:562 - trim error Index@ProfessionId=36&QuestionStatus=-1&pageIndex=5
java.lang.NumberFormatException: For input string: "上一页"
	at java.lang.NumberFormatException.forInputString(NumberFormatException.java:65)
	at java.lang.Integer.parseInt(Integer.java:580)
	at java.lang.Integer.parseInt(Integer.java:615)
	at download.Trim.lambda$1(Trim.java:617)
	at download.Trim.lambda$2(Trim.java:627)
	at java.util.ArrayList.forEach(ArrayList.java:1249)
	at download.Trim.trim(Trim.java:625)
	at download.Trim.lambda$0(Trim.java:555)
	at java.util.concurrent.ThreadPoolExecutor.runWorker(ThreadPoolExecutor.java:1149)
	at java.util.concurrent.ThreadPoolExecutor$Worker.run(ThreadPoolExecutor.java:624)
	at java.lang.Thread.run(Thread.java:748)
2018-04-15 01:12:11,122 ERROR[][pool-2-thread-3] download.Trim.lambda$0:562 - trim error Index@ProfessionId=36&QuestionStatus=-1&pageIndex=6
java.lang.NumberFormatException: For input string: "上一页"
	at java.lang.NumberFormatException.forInputString(NumberFormatException.java:65)
	at java.lang.Integer.parseInt(Integer.java:580)
	at java.lang.Integer.parseInt(Integer.java:615)
	at download.Trim.lambda$1(Trim.java:617)
	at download.Trim.lambda$2(Trim.java:627)
	at java.util.ArrayList.forEach(ArrayList.java:1249)
	at download.Trim.trim(Trim.java:625)
	at download.Trim.lambda$0(Trim.java:555)
	at java.util.concurrent.ThreadPoolExecutor.runWorker(ThreadPoolExecutor.java:1149)
	at java.util.concurrent.ThreadPoolExecutor$Worker.run(ThreadPoolExecutor.java:624)
	at java.lang.Thread.run(Thread.java:748)
2018-04-15 01:12:11,122 ERROR[][pool-2-thread-6] download.Trim.lambda$0:562 - trim error Index@ProfessionId=36&QuestionStatus=-1&pageIndex=7
java.lang.NumberFormatException: For input string: "上一页"
	at java.lang.NumberFormatException.forInputString(NumberFormatException.java:65)
	at java.lang.Integer.parseInt(Integer.java:580)
	at java.lang.Integer.parseInt(Integer.java:615)
	at download.Trim.lambda$1(Trim.java:617)
	at download.Trim.lambda$2(Trim.java:627)
	at java.util.ArrayList.forEach(ArrayList.java:1249)
	at download.Trim.trim(Trim.java:625)
	at download.Trim.lambda$0(Trim.java:555)
	at java.util.concurrent.ThreadPoolExecutor.runWorker(ThreadPoolExecutor.java:1149)
	at java.util.concurrent.ThreadPoolExecutor$Worker.run(ThreadPoolExecutor.java:624)
	at java.lang.Thread.run(Thread.java:748)
2018-04-15 01:12:11,122 ERROR[][pool-2-thread-8] download.Trim.lambda$0:562 - trim error Index@ProfessionId=36&QuestionStatus=-1&pageIndex=9
java.lang.NumberFormatException: For input string: "上一页"
	at java.lang.NumberFormatException.forInputString(NumberFormatException.java:65)
	at java.lang.Integer.parseInt(Integer.java:580)
	at java.lang.Integer.parseInt(Integer.java:615)
	at download.Trim.lambda$1(Trim.java:617)
	at download.Trim.lambda$2(Trim.java:627)
	at java.util.ArrayList.forEach(ArrayList.java:1249)
	at download.Trim.trim(Trim.java:625)
	at download.Trim.lambda$0(Trim.java:555)
	at java.util.concurrent.ThreadPoolExecutor.runWorker(ThreadPoolExecutor.java:1149)
	at java.util.concurrent.ThreadPoolExecutor$Worker.run(ThreadPoolExecutor.java:624)
	at java.lang.Thread.run(Thread.java:748)
2018-04-15 01:13:55,100 ERROR[][pool-2-thread-1] download.Trim.lambda$0:562 - trim error Index@ProfessionId=36&QuestionStatus=-1&pageIndex=1
java.lang.NumberFormatException: For input string: "下一页"
	at java.lang.NumberFormatException.forInputString(NumberFormatException.java:65)
	at java.lang.Integer.parseInt(Integer.java:580)
	at java.lang.Integer.parseInt(Integer.java:615)
	at download.Trim.lambda$1(Trim.java:617)
	at download.Trim.lambda$2(Trim.java:627)
	at java.util.ArrayList.forEach(ArrayList.java:1249)
	at download.Trim.trim(Trim.java:625)
	at download.Trim.lambda$0(Trim.java:555)
	at java.util.concurrent.ThreadPoolExecutor.runWorker(ThreadPoolExecutor.java:1149)
	at java.util.concurrent.ThreadPoolExecutor$Worker.run(ThreadPoolExecutor.java:624)
	at java.lang.Thread.run(Thread.java:748)
